<?xml version="1.0" encoding="UTF-8"?>
<!-- Generated by org.testng.reporters.JUnitReportReporter -->
<testsuite skipped="0" hostname="VishalKumar-Ja" name="dmirty.NegativeTest" tests="4" failures="0" timestamp="25 Aug 2020 18:43:19 GMT" time="50.328" errors="0">
  <testcase name="negativeTest" time="12.180" classname="dmirty.NegativeTest"/>
  <testcase name="negativeTest" time="13.994" classname="dmirty.NegativeTest"/>
  <testcase name="negativeTest" time="13.166" classname="dmirty.NegativeTest"/>
  <testcase name="negativeTest" time="10.988" classname="dmirty.NegativeTest"/>
</testsuite> <!-- dmirty.NegativeTest -->
