<?xml version="1.0" encoding="UTF-8"?>
<!-- Generated by org.testng.reporters.JUnitReportReporter -->
<testsuite skipped="0" hostname="VishalKumar-Ja" name="dmirty.PositiveTest" tests="1" failures="0" timestamp="25 Aug 2020 17:26:36 GMT" time="15.190" errors="0">
  <testcase name="loginTest" time="15.190" classname="dmirty.PositiveTest"/>
</testsuite> <!-- dmirty.PositiveTest -->
