<?xml version="1.0" encoding="UTF-8"?>
<!-- Generated by org.testng.reporters.JUnitReportReporter -->
<testsuite skipped="0" hostname="VishalKumar-Ja" name="loginpage.PositiveLoginTest" tests="1" failures="0" timestamp="28 Aug 2020 18:58:12 GMT" time="16.563" errors="0">
  <testcase name="loginTest" time="16.563" classname="loginpage.PositiveLoginTest"/>
</testsuite> <!-- loginpage.PositiveLoginTest -->
