<?xml version="1.0" encoding="UTF-8"?>
<!-- Generated by org.testng.reporters.JUnitReportReporter -->
<testsuite skipped="0" hostname="VishalKumar-Ja" name="loginpage.NegativeLoginTest" tests="4" failures="0" timestamp="25 Aug 2020 20:41:42 GMT" time="62.172" errors="0">
  <testcase name="negativeTest" time="13.982" classname="loginpage.NegativeLoginTest"/>
  <testcase name="negativeTest" time="17.176" classname="loginpage.NegativeLoginTest"/>
  <testcase name="negativeTest" time="17.038" classname="loginpage.NegativeLoginTest"/>
  <testcase name="negativeTest" time="13.976" classname="loginpage.NegativeLoginTest"/>
</testsuite> <!-- loginpage.NegativeLoginTest -->
