<?xml version="1.0" encoding="UTF-8"?>
<!-- Generated by org.testng.reporters.JUnitReportReporter -->
<testsuite skipped="0" hostname="VishalKumar-Ja" name="loginpage.NegativeLoginTest" tests="4" failures="0" timestamp="28 Aug 2020 19:05:21 GMT" time="103.089" errors="0">
  <testcase name="negativeTest" time="19.066" classname="loginpage.NegativeLoginTest"/>
  <testcase name="negativeTest" time="31.864" classname="loginpage.NegativeLoginTest"/>
  <testcase name="negativeTest" time="31.841" classname="loginpage.NegativeLoginTest"/>
  <testcase name="negativeTest" time="20.318" classname="loginpage.NegativeLoginTest"/>
</testsuite> <!-- loginpage.NegativeLoginTest -->
