<?xml version="1.0" encoding="UTF-8"?>
<!-- Generated by org.testng.reporters.JUnitReportReporter -->
<testsuite skipped="0" hostname="VishalKumar-Ja" name="loginpage.PositiveLoginTest" tests="1" failures="0" timestamp="25 Aug 2020 19:31:32 GMT" time="14.564" errors="0">
  <testcase name="loginTest" time="14.564" classname="loginpage.PositiveLoginTest"/>
</testsuite> <!-- loginpage.PositiveLoginTest -->
